<?xml version="1.0" encoding="utf-8"?>
<coverage line-rate="0.84" branch-rate="0.706" version="1.9" timestamp="1760515997" lines-covered="520" lines-valid="619" branches-covered="221" branches-valid="313">
  <sources>
    <source>C:\Users\JohnGrandtMarkvardHø\Desktop\Opgaver\Uge 4 &amp; 5\Opgave-1-PDF-Downloader\PDF Downloader\</source>
  </sources>
  <packages>
    <package name="PDF Downloader" line-rate="0.84" branch-rate="0.706" complexity="365">
      <classes>
        <class name="Program/&lt;&lt;Main&gt;$&gt;d__0" filename="Program.cs" line-rate="0" branch-rate="1" complexity="1">
          <methods>
            <method name="MoveNext" signature="()" line-rate="0" branch-rate="1" complexity="1">
              <lines>
                <line number="3" hits="0" branch="False" />
                <line number="7" hits="0" branch="False" />
                <line number="8" hits="0" branch="False" />
                <line number="9" hits="0" branch="False" />
                <line number="10" hits="0" branch="False" />
                <line number="11" hits="0" branch="False" />
                <line number="12" hits="0" branch="False" />
                <line number="13" hits="0" branch="False" />
                <line number="15" hits="0" branch="False" />
                <line number="16" hits="0" branch="False" />
                <line number="17" hits="0" branch="False" />
                <line number="19" hits="0" branch="False" />
                <line number="21" hits="0" branch="False" />
                <line number="22" hits="0" branch="False" />
                <line number="23" hits="0" branch="False" />
                <line number="24" hits="0" branch="False" />
                <line number="26" hits="0" branch="False" />
                <line number="28" hits="0" branch="False" />
                <line number="29" hits="0" branch="False" />
              </lines>
            </method>
          </methods>
          <lines>
            <line number="3" hits="0" branch="False" />
            <line number="7" hits="0" branch="False" />
            <line number="8" hits="0" branch="False" />
            <line number="9" hits="0" branch="False" />
            <line number="10" hits="0" branch="False" />
            <line number="11" hits="0" branch="False" />
            <line number="12" hits="0" branch="False" />
            <line number="13" hits="0" branch="False" />
            <line number="15" hits="0" branch="False" />
            <line number="16" hits="0" branch="False" />
            <line number="17" hits="0" branch="False" />
            <line number="19" hits="0" branch="False" />
            <line number="21" hits="0" branch="False" />
            <line number="22" hits="0" branch="False" />
            <line number="23" hits="0" branch="False" />
            <line number="24" hits="0" branch="False" />
            <line number="26" hits="0" branch="False" />
            <line number="28" hits="0" branch="False" />
            <line number="29" hits="0" branch="False" />
          </lines>
        </class>
        <class name="PdfDownloader.App.ApplicationRunner" filename="src\PdfDownloader.App\ApplicationRunner.cs" line-rate="1" branch-rate="0.5" complexity="3">
          <methods>
            <method name="FormatSpan" signature="(System.TimeSpan)" line-rate="1" branch-rate="0.5" complexity="2">
              <lines>
                <line number="169" hits="14" branch="True" condition-coverage="50% (1/2)">
                  <conditions>
                    <condition number="16" type="jump" coverage="50%" />
                  </conditions>
                </line>
                <line number="170" hits="14" branch="False" />
              </lines>
            </method>
            <method name=".ctor" signature="(PdfDownloader.App.AppOptions)" line-rate="1" branch-rate="1" complexity="1">
              <lines>
                <line number="8" hits="2" branch="False" />
              </lines>
            </method>
          </methods>
          <lines>
            <line number="169" hits="14" branch="True" condition-coverage="50% (1/2)">
              <conditions>
                <condition number="16" type="jump" coverage="50%" />
              </conditions>
            </line>
            <line number="170" hits="14" branch="False" />
            <line number="8" hits="2" branch="False" />
          </lines>
        </class>
        <class name="PdfDownloader.App.ApplicationRunner/&lt;&gt;c" filename="src\PdfDownloader.App\ApplicationRunner.cs" line-rate="0.9333" branch-rate="0.5832999999999999" complexity="21">
          <methods>
            <method name="&lt;RunAsync&gt;b__2_1" signature="(PdfDownloader.App.Middleware.MetadataRecord)" line-rate="1" branch-rate="1" complexity="1">
              <lines>
                <line number="62" hits="47980" branch="False" />
              </lines>
            </method>
            <method name="&lt;RunAsync&gt;b__2_3" signature="(PdfDownloader.App.Middleware.MetadataRecord)" line-rate="1" branch-rate="1" complexity="1">
              <lines>
                <line number="92" hits="12" branch="False" />
              </lines>
            </method>
            <method name="&lt;RunAsync&gt;b__2_4" signature="(PdfDownloader.App.Downloads.DownloadResult)" line-rate="1" branch-rate="1" complexity="1">
              <lines>
                <line number="107" hits="12" branch="False" />
              </lines>
            </method>
            <method name="&lt;RunAsync&gt;b__2_5" signature="(PdfDownloader.App.Downloads.DownloadResult)" line-rate="1" branch-rate="1" complexity="1">
              <lines>
                <line number="108" hits="12" branch="False" />
              </lines>
            </method>
            <method name="&lt;RunAsync&gt;b__2_6" signature="(PdfDownloader.App.Downloads.DownloadResult)" line-rate="1" branch-rate="1" complexity="1">
              <lines>
                <line number="109" hits="12" branch="False" />
              </lines>
            </method>
            <method name="&lt;RunAsync&gt;b__2_7" signature="(PdfDownloader.App.Downloads.DownloadResult)" line-rate="1" branch-rate="1" complexity="1">
              <lines>
                <line number="110" hits="12" branch="False" />
              </lines>
            </method>
            <method name="&lt;RunAsync&gt;b__2_8" signature="(PdfDownloader.App.Downloads.DownloadResult)" line-rate="1" branch-rate="1" complexity="1">
              <lines>
                <line number="121" hits="10" branch="False" />
              </lines>
            </method>
            <method name="&lt;RunAsync&gt;b__2_9" signature="(PdfDownloader.App.Downloads.DownloadResult)" line-rate="0.8332999999999999" branch-rate="0.5832999999999999" complexity="12">
              <lines>
                <line number="124" hits="7" branch="True" condition-coverage="50% (1/2)">
                  <conditions>
                    <condition number="7" type="jump" coverage="50%" />
                  </conditions>
                </line>
                <line number="125" hits="8" branch="True" condition-coverage="100% (2/2)">
                  <conditions>
                    <condition number="27" type="jump" coverage="100%" />
                  </conditions>
                </line>
                <line number="126" hits="10" branch="True" condition-coverage="100% (2/2)">
                  <conditions>
                    <condition number="42" type="jump" coverage="100%" />
                  </conditions>
                </line>
                <line number="127" hits="2" branch="True" condition-coverage="50% (1/2)">
                  <conditions>
                    <condition number="57" type="jump" coverage="50%" />
                  </conditions>
                </line>
                <line number="128" hits="4" branch="True" condition-coverage="50% (1/2)">
                  <conditions>
                    <condition number="76" type="jump" coverage="50%" />
                  </conditions>
                </line>
                <line number="129" hits="0" branch="True" condition-coverage="0% (0/2)">
                  <conditions>
                    <condition number="86" type="jump" coverage="0%" />
                  </conditions>
                </line>
              </lines>
            </method>
            <method name="&lt;RunAsync&gt;b__2_10" signature="(System.Linq.IGrouping`2&lt;System.String,PdfDownloader.App.Downloads.DownloadResult&gt;)" line-rate="1" branch-rate="1" complexity="1">
              <lines>
                <line number="131" hits="5" branch="False" />
              </lines>
            </method>
            <method name="&lt;RunAsync&gt;b__2_11" signature="(System.ValueTuple`4&lt;System.Int32,System.Int32,System.TimeSpan,System.TimeSpan&gt;)" line-rate="1" branch-rate="1" complexity="1">
              <lines>
                <line number="150" hits="7" branch="False" />
              </lines>
            </method>
          </methods>
          <lines>
            <line number="62" hits="47980" branch="False" />
            <line number="92" hits="12" branch="False" />
            <line number="107" hits="12" branch="False" />
            <line number="108" hits="12" branch="False" />
            <line number="109" hits="12" branch="False" />
            <line number="110" hits="12" branch="False" />
            <line number="121" hits="10" branch="False" />
            <line number="124" hits="7" branch="True" condition-coverage="50% (1/2)">
              <conditions>
                <condition number="7" type="jump" coverage="50%" />
              </conditions>
            </line>
            <line number="125" hits="8" branch="True" condition-coverage="100% (2/2)">
              <conditions>
                <condition number="27" type="jump" coverage="100%" />
              </conditions>
            </line>
            <line number="126" hits="10" branch="True" condition-coverage="100% (2/2)">
              <conditions>
                <condition number="42" type="jump" coverage="100%" />
              </conditions>
            </line>
            <line number="127" hits="2" branch="True" condition-coverage="50% (1/2)">
              <conditions>
                <condition number="57" type="jump" coverage="50%" />
              </conditions>
            </line>
            <line number="128" hits="4" branch="True" condition-coverage="50% (1/2)">
              <conditions>
                <condition number="76" type="jump" coverage="50%" />
              </conditions>
            </line>
            <line number="129" hits="0" branch="True" condition-coverage="0% (0/2)">
              <conditions>
                <condition number="86" type="jump" coverage="0%" />
              </conditions>
            </line>
            <line number="131" hits="5" branch="False" />
            <line number="150" hits="7" branch="False" />
          </lines>
        </class>
        <class name="PdfDownloader.App.ApplicationRunner/&lt;&gt;c__DisplayClass2_0" filename="src\PdfDownloader.App\ApplicationRunner.cs" line-rate="1" branch-rate="1" complexity="2">
          <methods>
            <method name="&lt;RunAsync&gt;g__Log|0" signature="(System.String)" line-rate="1" branch-rate="1" complexity="1">
              <lines>
                <line number="29" hits="90" branch="False" />
                <line number="30" hits="90" branch="False" />
                <line number="31" hits="90" branch="False" />
              </lines>
            </method>
            <method name="&lt;RunAsync&gt;b__2" signature="(PdfDownloader.App.Middleware.MetadataRecord)" line-rate="1" branch-rate="1" complexity="1">
              <lines>
                <line number="63" hits="34629" branch="False" />
              </lines>
            </method>
          </methods>
          <lines>
            <line number="29" hits="90" branch="False" />
            <line number="30" hits="90" branch="False" />
            <line number="31" hits="90" branch="False" />
            <line number="63" hits="34629" branch="False" />
          </lines>
        </class>
        <class name="PdfDownloader.App.ApplicationRunner/&lt;RunAsync&gt;d__2" filename="src\PdfDownloader.App\ApplicationRunner.cs" line-rate="0.8275" branch-rate="0.625" complexity="48">
          <methods>
            <method name="MoveNext" signature="()" line-rate="0.8275" branch-rate="0.625" complexity="48">
              <lines>
                <line number="12" hits="2" branch="False" />
                <line number="14" hits="2" branch="False" />
                <line number="15" hits="2" branch="False" />
                <line number="18" hits="2" branch="True" condition-coverage="50% (2/4)">
                  <conditions>
                    <condition number="83" type="jump" coverage="50%" />
                    <condition number="95" type="jump" coverage="50%" />
                  </conditions>
                </line>
                <line number="19" hits="2" branch="False" />
                <line number="21" hits="2" branch="False" />
                <line number="24" hits="2" branch="False" />
                <line number="25" hits="2" branch="False" />
                <line number="26" hits="2" branch="False" />
                <line number="33" hits="2" branch="False" />
                <line number="34" hits="2" branch="False" />
                <line number="35" hits="2" branch="False" />
                <line number="36" hits="4" branch="True" condition-coverage="100% (2/2)">
                  <conditions>
                    <condition number="386" type="jump" coverage="100%" />
                  </conditions>
                </line>
                <line number="37" hits="2" branch="False" />
                <line number="38" hits="2" branch="False" />
                <line number="39" hits="2" branch="False" />
                <line number="41" hits="2" branch="False" />
                <line number="42" hits="2" branch="False" />
                <line number="44" hits="2" branch="True" condition-coverage="50% (1/2)">
                  <conditions>
                    <condition number="721" type="jump" coverage="50%" />
                  </conditions>
                </line>
                <line number="46" hits="0" branch="False" />
                <line number="47" hits="0" branch="False" />
                <line number="48" hits="0" branch="False" />
                <line number="49" hits="0" branch="False" />
                <line number="53" hits="2" branch="False" />
                <line number="54" hits="2" branch="True" condition-coverage="50% (1/2)">
                  <conditions>
                    <condition number="893" type="jump" coverage="50%" />
                  </conditions>
                </line>
                <line number="56" hits="0" branch="False" />
                <line number="57" hits="0" branch="False" />
                <line number="61" hits="2" branch="False" />
                <line number="64" hits="2" branch="False" />
                <line number="67" hits="2" branch="False" />
                <line number="69" hits="2" branch="True" condition-coverage="50% (2/4)">
                  <conditions>
                    <condition number="1111" type="jump" coverage="50%" />
                    <condition number="1125" type="jump" coverage="50%" />
                  </conditions>
                </line>
                <line number="70" hits="0" branch="False" />
                <line number="71" hits="2" branch="True" condition-coverage="50% (2/4)">
                  <conditions>
                    <condition number="1158" type="jump" coverage="50%" />
                    <condition number="1172" type="jump" coverage="50%" />
                  </conditions>
                </line>
                <line number="72" hits="0" branch="False" />
                <line number="73" hits="2" branch="True" condition-coverage="50% (2/4)">
                  <conditions>
                    <condition number="1207" type="jump" coverage="50%" />
                    <condition number="1221" type="jump" coverage="50%" />
                  </conditions>
                </line>
                <line number="74" hits="0" branch="False" />
                <line number="75" hits="2" branch="True" condition-coverage="50% (2/4)">
                  <conditions>
                    <condition number="1284" type="jump" coverage="50%" />
                    <condition number="1298" type="jump" coverage="50%" />
                  </conditions>
                </line>
                <line number="76" hits="0" branch="False" />
                <line number="77" hits="2" branch="True" condition-coverage="50% (2/4)">
                  <conditions>
                    <condition number="1331" type="jump" coverage="50%" />
                    <condition number="1345" type="jump" coverage="50%" />
                  </conditions>
                </line>
                <line number="78" hits="0" branch="False" />
                <line number="79" hits="2" branch="True" condition-coverage="100% (2/2)">
                  <conditions>
                    <condition number="1370" type="jump" coverage="100%" />
                  </conditions>
                </line>
                <line number="80" hits="2" branch="False" />
                <line number="82" hits="2" branch="False" />
                <line number="83" hits="2" branch="True" condition-coverage="50% (1/2)">
                  <conditions>
                    <condition number="1408" type="jump" coverage="50%" />
                  </conditions>
                </line>
                <line number="85" hits="0" branch="False" />
                <line number="86" hits="0" branch="False" />
                <line number="87" hits="0" branch="False" />
                <line number="88" hits="0" branch="False" />
                <line number="94" hits="2" branch="False" />
                <line number="95" hits="2" branch="False" />
                <line number="96" hits="2" branch="False" />
                <line number="97" hits="2" branch="False" />
                <line number="98" hits="2" branch="False" />
                <line number="99" hits="2" branch="False" />
                <line number="100" hits="2" branch="False" />
                <line number="101" hits="2" branch="False" />
                <line number="102" hits="2" branch="False" />
                <line number="104" hits="2" branch="False" />
                <line number="112" hits="2" branch="False" />
                <line number="113" hits="2" branch="False" />
                <line number="114" hits="2" branch="False" />
                <line number="115" hits="2" branch="False" />
                <line number="116" hits="2" branch="False" />
                <line number="117" hits="2" branch="False" />
                <line number="120" hits="2" branch="False" />
                <line number="122" hits="2" branch="False" />
                <line number="123" hits="2" branch="False" />
                <line number="130" hits="2" branch="False" />
                <line number="132" hits="2" branch="False" />
                <line number="134" hits="2" branch="True" condition-coverage="100% (2/2)">
                  <conditions>
                    <condition number="2309" type="jump" coverage="100%" />
                  </conditions>
                </line>
                <line number="136" hits="2" branch="False" />
                <line number="137" hits="14" branch="True" condition-coverage="100% (2/2)">
                  <conditions>
                    <condition number="2436" type="jump" coverage="100%" />
                  </conditions>
                </line>
                <line number="138" hits="5" branch="False" />
                <line number="142" hits="2" branch="True" condition-coverage="100% (2/2)">
                  <conditions>
                    <condition number="2481" type="jump" coverage="100%" />
                  </conditions>
                </line>
                <line number="144" hits="2" branch="False" />
                <line number="145" hits="2" branch="True" condition-coverage="25% (1/4)">
                  <conditions>
                    <condition number="2637" type="jump" coverage="50%" />
                    <condition number="2650" type="jump" coverage="0%" />
                  </conditions>
                </line>
                <line number="149" hits="2" branch="False" />
                <line number="151" hits="2" branch="False" />
                <line number="152" hits="2" branch="True" condition-coverage="100% (2/2)">
                  <conditions>
                    <condition number="2759" type="jump" coverage="100%" />
                  </conditions>
                </line>
                <line number="154" hits="2" branch="False" />
                <line number="155" hits="2" branch="False" />
                <line number="156" hits="18" branch="True" condition-coverage="100% (2/2)">
                  <conditions>
                    <condition number="2968" type="jump" coverage="100%" />
                  </conditions>
                </line>
                <line number="158" hits="7" branch="False" />
                <line number="162" hits="2" branch="False" />
                <line number="163" hits="2" branch="False" />
                <line number="164" hits="2" branch="False" />
                <line number="165" hits="2" branch="False" />
              </lines>
            </method>
          </methods>
          <lines>
            <line number="12" hits="2" branch="False" />
            <line number="14" hits="2" branch="False" />
            <line number="15" hits="2" branch="False" />
            <line number="18" hits="2" branch="True" condition-coverage="50% (2/4)">
              <conditions>
                <condition number="83" type="jump" coverage="50%" />
                <condition number="95" type="jump" coverage="50%" />
              </conditions>
            </line>
            <line number="19" hits="2" branch="False" />
            <line number="21" hits="2" branch="False" />
            <line number="24" hits="2" branch="False" />
            <line number="25" hits="2" branch="False" />
            <line number="26" hits="2" branch="False" />
            <line number="33" hits="2" branch="False" />
            <line number="34" hits="2" branch="False" />
            <line number="35" hits="2" branch="False" />
            <line number="36" hits="4" branch="True" condition-coverage="100% (2/2)">
              <conditions>
                <condition number="386" type="jump" coverage="100%" />
              </conditions>
            </line>
            <line number="37" hits="2" branch="False" />
            <line number="38" hits="2" branch="False" />
            <line number="39" hits="2" branch="False" />
            <line number="41" hits="2" branch="False" />
            <line number="42" hits="2" branch="False" />
            <line number="44" hits="2" branch="True" condition-coverage="50% (1/2)">
              <conditions>
                <condition number="721" type="jump" coverage="50%" />
              </conditions>
            </line>
            <line number="46" hits="0" branch="False" />
            <line number="47" hits="0" branch="False" />
            <line number="48" hits="0" branch="False" />
            <line number="49" hits="0" branch="False" />
            <line number="53" hits="2" branch="False" />
            <line number="54" hits="2" branch="True" condition-coverage="50% (1/2)">
              <conditions>
                <condition number="893" type="jump" coverage="50%" />
              </conditions>
            </line>
            <line number="56" hits="0" branch="False" />
            <line number="57" hits="0" branch="False" />
            <line number="61" hits="2" branch="False" />
            <line number="64" hits="2" branch="False" />
            <line number="67" hits="2" branch="False" />
            <line number="69" hits="2" branch="True" condition-coverage="50% (2/4)">
              <conditions>
                <condition number="1111" type="jump" coverage="50%" />
                <condition number="1125" type="jump" coverage="50%" />
              </conditions>
            </line>
            <line number="70" hits="0" branch="False" />
            <line number="71" hits="2" branch="True" condition-coverage="50% (2/4)">
              <conditions>
                <condition number="1158" type="jump" coverage="50%" />
                <condition number="1172" type="jump" coverage="50%" />
              </conditions>
            </line>
            <line number="72" hits="0" branch="False" />
            <line number="73" hits="2" branch="True" condition-coverage="50% (2/4)">
              <conditions>
                <condition number="1207" type="jump" coverage="50%" />
                <condition number="1221" type="jump" coverage="50%" />
              </conditions>
            </line>
            <line number="74" hits="0" branch="False" />
            <line number="75" hits="2" branch="True" condition-coverage="50% (2/4)">
              <conditions>
                <condition number="1284" type="jump" coverage="50%" />
                <condition number="1298" type="jump" coverage="50%" />
              </conditions>
            </line>
            <line number="76" hits="0" branch="False" />
            <line number="77" hits="2" branch="True" condition-coverage="50% (2/4)">
              <conditions>
                <condition number="1331" type="jump" coverage="50%" />
                <condition number="1345" type="jump" coverage="50%" />
              </conditions>
            </line>
            <line number="78" hits="0" branch="False" />
            <line number="79" hits="2" branch="True" condition-coverage="100% (2/2)">
              <conditions>
                <condition number="1370" type="jump" coverage="100%" />
              </conditions>
            </line>
            <line number="80" hits="2" branch="False" />
            <line number="82" hits="2" branch="False" />
            <line number="83" hits="2" branch="True" condition-coverage="50% (1/2)">
              <conditions>
                <condition number="1408" type="jump" coverage="50%" />
              </conditions>
            </line>
            <line number="85" hits="0" branch="False" />
            <line number="86" hits="0" branch="False" />
            <line number="87" hits="0" branch="False" />
            <line number="88" hits="0" branch="False" />
            <line number="94" hits="2" branch="False" />
            <line number="95" hits="2" branch="False" />
            <line number="96" hits="2" branch="False" />
            <line number="97" hits="2" branch="False" />
            <line number="98" hits="2" branch="False" />
            <line number="99" hits="2" branch="False" />
            <line number="100" hits="2" branch="False" />
            <line number="101" hits="2" branch="False" />
            <line number="102" hits="2" branch="False" />
            <line number="104" hits="2" branch="False" />
            <line number="112" hits="2" branch="False" />
            <line number="113" hits="2" branch="False" />
            <line number="114" hits="2" branch="False" />
            <line number="115" hits="2" branch="False" />
            <line number="116" hits="2" branch="False" />
            <line number="117" hits="2" branch="False" />
            <line number="120" hits="2" branch="False" />
            <line number="122" hits="2" branch="False" />
            <line number="123" hits="2" branch="False" />
            <line number="130" hits="2" branch="False" />
            <line number="132" hits="2" branch="False" />
            <line number="134" hits="2" branch="True" condition-coverage="100% (2/2)">
              <conditions>
                <condition number="2309" type="jump" coverage="100%" />
              </conditions>
            </line>
            <line number="136" hits="2" branch="False" />
            <line number="137" hits="14" branch="True" condition-coverage="100% (2/2)">
              <conditions>
                <condition number="2436" type="jump" coverage="100%" />
              </conditions>
            </line>
            <line number="138" hits="5" branch="False" />
            <line number="142" hits="2" branch="True" condition-coverage="100% (2/2)">
              <conditions>
                <condition number="2481" type="jump" coverage="100%" />
              </conditions>
            </line>
            <line number="144" hits="2" branch="False" />
            <line number="145" hits="2" branch="True" condition-coverage="25% (1/4)">
              <conditions>
                <condition number="2637" type="jump" coverage="50%" />
                <condition number="2650" type="jump" coverage="0%" />
              </conditions>
            </line>
            <line number="149" hits="2" branch="False" />
            <line number="151" hits="2" branch="False" />
            <line number="152" hits="2" branch="True" condition-coverage="100% (2/2)">
              <conditions>
                <condition number="2759" type="jump" coverage="100%" />
              </conditions>
            </line>
            <line number="154" hits="2" branch="False" />
            <line number="155" hits="2" branch="False" />
            <line number="156" hits="18" branch="True" condition-coverage="100% (2/2)">
              <conditions>
                <condition number="2968" type="jump" coverage="100%" />
              </conditions>
            </line>
            <line number="158" hits="7" branch="False" />
            <line number="162" hits="2" branch="False" />
            <line number="163" hits="2" branch="False" />
            <line number="164" hits="2" branch="False" />
            <line number="165" hits="2" branch="False" />
          </lines>
        </class>
        <class name="PdfDownloader.App.AppOptions" filename="src\PdfDownloader.App\AppOptions.cs" line-rate="0.9024" branch-rate="0.7631" complexity="61">
          <methods>
            <method name="get_Input" signature="()" line-rate="1" branch-rate="1" complexity="1">
              <lines>
                <line number="5" hits="5" branch="False" />
              </lines>
            </method>
            <method name="get_Output" signature="()" line-rate="1" branch-rate="1" complexity="1">
              <lines>
                <line number="6" hits="5" branch="False" />
              </lines>
            </method>
            <method name="get_StatusReport" signature="()" line-rate="1" branch-rate="1" complexity="1">
              <lines>
                <line number="7" hits="9" branch="False" />
              </lines>
            </method>
            <method name="get_IdColumn" signature="()" line-rate="1" branch-rate="1" complexity="1">
              <lines>
                <line number="8" hits="2" branch="False" />
              </lines>
            </method>
            <method name="get_UrlColumn" signature="()" line-rate="1" branch-rate="1" complexity="1">
              <lines>
                <line number="9" hits="2" branch="False" />
              </lines>
            </method>
            <method name="get_FallbackUrlColumn" signature="()" line-rate="1" branch-rate="1" complexity="1">
              <lines>
                <line number="10" hits="2" branch="False" />
              </lines>
            </method>
            <method name="get_Limit" signature="()" line-rate="1" branch-rate="1" complexity="1">
              <lines>
                <line number="11" hits="6" branch="False" />
              </lines>
            </method>
            <method name="get_MaxConcurrency" signature="()" line-rate="1" branch-rate="1" complexity="1">
              <lines>
                <line number="12" hits="5" branch="False" />
              </lines>
            </method>
            <method name="get_SkipExisting" signature="()" line-rate="1" branch-rate="1" complexity="1">
              <lines>
                <line number="13" hits="4" branch="False" />
              </lines>
            </method>
            <method name="get_ResumeFromStatus" signature="()" line-rate="1" branch-rate="1" complexity="1">
              <lines>
                <line number="14" hits="2" branch="False" />
              </lines>
            </method>
            <method name="get_AppendStatus" signature="()" line-rate="1" branch-rate="1" complexity="1">
              <lines>
                <line number="15" hits="5" branch="False" />
              </lines>
            </method>
            <method name="get_OverwriteStatus" signature="()" line-rate="1" branch-rate="1" complexity="1">
              <lines>
                <line number="16" hits="3" branch="False" />
              </lines>
            </method>
            <method name="get_First" signature="()" line-rate="1" branch-rate="1" complexity="1">
              <lines>
                <line number="17" hits="2" branch="False" />
              </lines>
            </method>
            <method name="get_Skip" signature="()" line-rate="1" branch-rate="1" complexity="1">
              <lines>
                <line number="18" hits="2" branch="False" />
              </lines>
            </method>
            <method name="get_Take" signature="()" line-rate="1" branch-rate="1" complexity="1">
              <lines>
                <line number="19" hits="2" branch="False" />
              </lines>
            </method>
            <method name="get_FromIndex" signature="()" line-rate="1" branch-rate="1" complexity="1">
              <lines>
                <line number="20" hits="2" branch="False" />
              </lines>
            </method>
            <method name="get_ToIndex" signature="()" line-rate="1" branch-rate="1" complexity="1">
              <lines>
                <line number="21" hits="2" branch="False" />
              </lines>
            </method>
            <method name="get_OverwriteDownloads" signature="()" line-rate="1" branch-rate="1" complexity="1">
              <lines>
                <line number="22" hits="3" branch="False" />
              </lines>
            </method>
            <method name="get_DetectChanges" signature="()" line-rate="1" branch-rate="1" complexity="1">
              <lines>
                <line number="23" hits="2" branch="False" />
              </lines>
            </method>
            <method name="get_KeepOldOnChange" signature="()" line-rate="1" branch-rate="1" complexity="1">
              <lines>
                <line number="24" hits="3" branch="False" />
              </lines>
            </method>
            <method name="get_Usage" signature="()" line-rate="0" branch-rate="1" complexity="1">
              <lines>
                <line number="27" hits="0" branch="False" />
                <line number="28" hits="0" branch="False" />
                <line number="29" hits="0" branch="False" />
                <line number="30" hits="0" branch="False" />
                <line number="31" hits="0" branch="False" />
                <line number="32" hits="0" branch="False" />
                <line number="33" hits="0" branch="False" />
                <line number="34" hits="0" branch="False" />
              </lines>
            </method>
            <method name="Parse" signature="(System.String[])" line-rate="1" branch-rate="0.7352" complexity="34">
              <lines>
                <line number="46" hits="7" branch="True" condition-coverage="50% (1/2)">
                  <conditions>
                    <condition number="21" type="jump" coverage="50%" />
                  </conditions>
                </line>
                <line number="47" hits="7" branch="True" condition-coverage="50% (1/2)">
                  <conditions>
                    <condition number="49" type="jump" coverage="50%" />
                  </conditions>
                </line>
                <line number="49" hits="7" branch="True" condition-coverage="100% (2/2)">
                  <conditions>
                    <condition number="77" type="jump" coverage="100%" />
                  </conditions>
                </line>
                <line number="50" hits="7" branch="True" condition-coverage="100% (2/2)">
                  <conditions>
                    <condition number="99" type="jump" coverage="100%" />
                  </conditions>
                </line>
                <line number="51" hits="7" branch="False" />
                <line number="53" hits="7" branch="False" />
                <line number="54" hits="7" branch="True" condition-coverage="100% (2/2)">
                  <conditions>
                    <condition number="156" type="jump" coverage="100%" />
                  </conditions>
                </line>
                <line number="55" hits="7" branch="True" condition-coverage="100% (2/2)">
                  <conditions>
                    <condition number="184" type="jump" coverage="100%" />
                  </conditions>
                </line>
                <line number="56" hits="7" branch="False" />
                <line number="58" hits="7" branch="False" />
                <line number="59" hits="7" branch="False" />
                <line number="60" hits="7" branch="False" />
                <line number="61" hits="8" branch="True" condition-coverage="100% (2/2)">
                  <conditions>
                    <condition number="258" type="jump" coverage="100%" />
                  </conditions>
                </line>
                <line number="63" hits="11" branch="True" condition-coverage="100% (4/4)">
                  <conditions>
                    <condition number="273" type="jump" coverage="100%" />
                    <condition number="277" type="jump" coverage="100%" />
                  </conditions>
                </line>
                <line number="65" hits="6" branch="True" condition-coverage="50% (1/2)">
                  <conditions>
                    <condition number="301" type="jump" coverage="50%" />
                  </conditions>
                </line>
                <line number="66" hits="6" branch="True" condition-coverage="50% (1/2)">
                  <conditions>
                    <condition number="343" type="jump" coverage="50%" />
                  </conditions>
                </line>
                <line number="67" hits="6" branch="True" condition-coverage="50% (1/2)">
                  <conditions>
                    <condition number="385" type="jump" coverage="50%" />
                  </conditions>
                </line>
                <line number="68" hits="6" branch="True" condition-coverage="50% (1/2)">
                  <conditions>
                    <condition number="427" type="jump" coverage="50%" />
                  </conditions>
                </line>
                <line number="69" hits="6" branch="True" condition-coverage="50% (1/2)">
                  <conditions>
                    <condition number="469" type="jump" coverage="50%" />
                  </conditions>
                </line>
                <line number="71" hits="6" branch="False" />
                <line number="72" hits="6" branch="False" />
                <line number="73" hits="6" branch="False" />
                <line number="75" hits="6" branch="False" />
                <line number="76" hits="6" branch="False" />
                <line number="77" hits="6" branch="True" condition-coverage="100% (2/2)">
                  <conditions>
                    <condition number="560" type="jump" coverage="100%" />
                  </conditions>
                </line>
                <line number="78" hits="6" branch="True" condition-coverage="50% (1/2)">
                  <conditions>
                    <condition number="581" type="jump" coverage="50%" />
                  </conditions>
                </line>
                <line number="80" hits="6" branch="True" condition-coverage="50% (1/2)">
                  <conditions>
                    <condition number="611" type="jump" coverage="50%" />
                  </conditions>
                </line>
                <line number="81" hits="6" branch="False" />
                <line number="82" hits="6" branch="False" />
                <line number="83" hits="6" branch="False" />
                <line number="84" hits="6" branch="False" />
                <line number="85" hits="6" branch="False" />
                <line number="86" hits="6" branch="False" />
                <line number="87" hits="6" branch="False" />
                <line number="88" hits="6" branch="False" />
                <line number="89" hits="6" branch="False" />
                <line number="90" hits="6" branch="False" />
                <line number="91" hits="6" branch="False" />
                <line number="92" hits="6" branch="False" />
                <line number="93" hits="6" branch="False" />
                <line number="94" hits="6" branch="False" />
                <line number="95" hits="6" branch="False" />
                <line number="96" hits="6" branch="False" />
                <line number="97" hits="6" branch="False" />
                <line number="98" hits="6" branch="False" />
                <line number="99" hits="6" branch="False" />
                <line number="100" hits="6" branch="False" />
                <line number="101" hits="6" branch="False" />
              </lines>
            </method>
            <method name="&lt;Parse&gt;g__Get|85_0" signature="(System.String,PdfDownloader.App.AppOptions/&lt;&gt;c__DisplayClass85_0&amp;)" line-rate="1" branch-rate="1" complexity="4">
              <lines>
                <line number="41" hits="742" branch="False" />
                <line number="42" hits="93" branch="True" condition-coverage="100% (4/4)">
                  <conditions>
                    <condition number="39" type="jump" coverage="100%" />
                    <condition number="52" type="jump" coverage="100%" />
                  </conditions>
                </line>
              </lines>
            </method>
            <method name="&lt;Parse&gt;g__Has|85_1" signature="(System.String,PdfDownloader.App.AppOptions/&lt;&gt;c__DisplayClass85_0&amp;)" line-rate="1" branch-rate="1" complexity="1">
              <lines>
                <line number="44" hits="380" branch="False" />
              </lines>
            </method>
            <method name=".ctor" signature="(System.IO.FileInfo,System.IO.DirectoryInfo,System.IO.FileInfo,System.String,System.String,System.String,System.Int32,System.Int32,System.Boolean,System.IO.FileInfo,System.Boolean,System.Boolean,System.Nullable`1&lt;System.Int32&gt;,System.Nullable`1&lt;System.Int32&gt;,System.Nullable`1&lt;System.Int32&gt;,System.Nullable`1&lt;System.Int32&gt;,System.Nullable`1&lt;System.Int32&gt;,System.Boolean,System.Boolean,System.Boolean)" line-rate="1" branch-rate="1" complexity="1">
              <lines>
                <line number="3" hits="6" branch="False" />
                <line number="4" hits="6" branch="False" />
                <line number="25" hits="6" branch="False" />
              </lines>
            </method>
          </methods>
          <lines>
            <line number="5" hits="5" branch="False" />
            <line number="6" hits="5" branch="False" />
            <line number="7" hits="9" branch="False" />
            <line number="8" hits="2" branch="False" />
            <line number="9" hits="2" branch="False" />
            <line number="10" hits="2" branch="False" />
            <line number="11" hits="6" branch="False" />
            <line number="12" hits="5" branch="False" />
            <line number="13" hits="4" branch="False" />
            <line number="14" hits="2" branch="False" />
            <line number="15" hits="5" branch="False" />
            <line number="16" hits="3" branch="False" />
            <line number="17" hits="2" branch="False" />
            <line number="18" hits="2" branch="False" />
            <line number="19" hits="2" branch="False" />
            <line number="20" hits="2" branch="False" />
            <line number="21" hits="2" branch="False" />
            <line number="22" hits="3" branch="False" />
            <line number="23" hits="2" branch="False" />
            <line number="24" hits="3" branch="False" />
            <line number="27" hits="0" branch="False" />
            <line number="28" hits="0" branch="False" />
            <line number="29" hits="0" branch="False" />
            <line number="30" hits="0" branch="False" />
            <line number="31" hits="0" branch="False" />
            <line number="32" hits="0" branch="False" />
            <line number="33" hits="0" branch="False" />
            <line number="34" hits="0" branch="False" />
            <line number="46" hits="7" branch="True" condition-coverage="50% (1/2)">
              <conditions>
                <condition number="21" type="jump" coverage="50%" />
              </conditions>
            </line>
            <line number="47" hits="7" branch="True" condition-coverage="50% (1/2)">
              <conditions>
                <condition number="49" type="jump" coverage="50%" />
              </conditions>
            </line>
            <line number="49" hits="7" branch="True" condition-coverage="100% (2/2)">
              <conditions>
                <condition number="77" type="jump" coverage="100%" />
              </conditions>
            </line>
            <line number="50" hits="7" branch="True" condition-coverage="100% (2/2)">
              <conditions>
                <condition number="99" type="jump" coverage="100%" />
              </conditions>
            </line>
            <line number="51" hits="7" branch="False" />
            <line number="53" hits="7" branch="False" />
            <line number="54" hits="7" branch="True" condition-coverage="100% (2/2)">
              <conditions>
                <condition number="156" type="jump" coverage="100%" />
              </conditions>
            </line>
            <line number="55" hits="7" branch="True" condition-coverage="100% (2/2)">
              <conditions>
                <condition number="184" type="jump" coverage="100%" />
              </conditions>
            </line>
            <line number="56" hits="7" branch="False" />
            <line number="58" hits="7" branch="False" />
            <line number="59" hits="7" branch="False" />
            <line number="60" hits="7" branch="False" />
            <line number="61" hits="8" branch="True" condition-coverage="100% (2/2)">
              <conditions>
                <condition number="258" type="jump" coverage="100%" />
              </conditions>
            </line>
            <line number="63" hits="11" branch="True" condition-coverage="100% (4/4)">
              <conditions>
                <condition number="273" type="jump" coverage="100%" />
                <condition number="277" type="jump" coverage="100%" />
              </conditions>
            </line>
            <line number="65" hits="6" branch="True" condition-coverage="50% (1/2)">
              <conditions>
                <condition number="301" type="jump" coverage="50%" />
              </conditions>
            </line>
            <line number="66" hits="6" branch="True" condition-coverage="50% (1/2)">
              <conditions>
                <condition number="343" type="jump" coverage="50%" />
              </conditions>
            </line>
            <line number="67" hits="6" branch="True" condition-coverage="50% (1/2)">
              <conditions>
                <condition number="385" type="jump" coverage="50%" />
              </conditions>
            </line>
            <line number="68" hits="6" branch="True" condition-coverage="50% (1/2)">
              <conditions>
                <condition number="427" type="jump" coverage="50%" />
              </conditions>
            </line>
            <line number="69" hits="6" branch="True" condition-coverage="50% (1/2)">
              <conditions>
                <condition number="469" type="jump" coverage="50%" />
              </conditions>
            </line>
            <line number="71" hits="6" branch="False" />
            <line number="72" hits="6" branch="False" />
            <line number="73" hits="6" branch="False" />
            <line number="75" hits="6" branch="False" />
            <line number="76" hits="6" branch="False" />
            <line number="77" hits="6" branch="True" condition-coverage="100% (2/2)">
              <conditions>
                <condition number="560" type="jump" coverage="100%" />
              </conditions>
            </line>
            <line number="78" hits="6" branch="True" condition-coverage="50% (1/2)">
              <conditions>
                <condition number="581" type="jump" coverage="50%" />
              </conditions>
            </line>
            <line number="80" hits="6" branch="True" condition-coverage="50% (1/2)">
              <conditions>
                <condition number="611" type="jump" coverage="50%" />
              </conditions>
            </line>
            <line number="81" hits="6" branch="False" />
            <line number="82" hits="6" branch="False" />
            <line number="83" hits="6" branch="False" />
            <line number="84" hits="6" branch="False" />
            <line number="85" hits="6" branch="False" />
            <line number="86" hits="6" branch="False" />
            <line number="87" hits="6" branch="False" />
            <line number="88" hits="6" branch="False" />
            <line number="89" hits="6" branch="False" />
            <line number="90" hits="6" branch="False" />
            <line number="91" hits="6" branch="False" />
            <line number="92" hits="6" branch="False" />
            <line number="93" hits="6" branch="False" />
            <line number="94" hits="6" branch="False" />
            <line number="95" hits="6" branch="False" />
            <line number="96" hits="6" branch="False" />
            <line number="97" hits="6" branch="False" />
            <line number="98" hits="6" branch="False" />
            <line number="99" hits="6" branch="False" />
            <line number="100" hits="6" branch="False" />
            <line number="101" hits="6" branch="False" />
            <line number="41" hits="742" branch="False" />
            <line number="42" hits="93" branch="True" condition-coverage="100% (4/4)">
              <conditions>
                <condition number="39" type="jump" coverage="100%" />
                <condition number="52" type="jump" coverage="100%" />
              </conditions>
            </line>
            <line number="44" hits="380" branch="False" />
            <line number="3" hits="6" branch="False" />
            <line number="4" hits="6" branch="False" />
            <line number="25" hits="6" branch="False" />
          </lines>
        </class>
        <class name="PdfDownloader.App.OptionParsingException" filename="src\PdfDownloader.App\AppOptions.cs" line-rate="1" branch-rate="1" complexity="1">
          <methods>
            <method name=".ctor" signature="(System.String)" line-rate="1" branch-rate="1" complexity="1">
              <lines>
                <line number="105" hits="1" branch="False" />
              </lines>
            </method>
          </methods>
          <lines>
            <line number="105" hits="1" branch="False" />
          </lines>
        </class>
        <class name="PdfDownloader.App.Reporting.StatusReportReader" filename="src\PdfDownloader.App\Reporting\StatusReportReader.cs" line-rate="0.39649999999999996" branch-rate="0.34369999999999995" complexity="32">
          <methods>
            <method name="LoadCompletedIds" signature="(System.IO.FileInfo,System.Threading.CancellationToken)" line-rate="0.9523" branch-rate="0.8332999999999999" complexity="12">
              <lines>
                <line number="15" hits="1" branch="False" />
                <line number="16" hits="1" branch="True" condition-coverage="50% (1/2)">
                  <conditions>
                    <condition number="17" type="jump" coverage="50%" />
                  </conditions>
                </line>
                <line number="18" hits="1" branch="False" />
                <line number="19" hits="1" branch="False" />
                <line number="20" hits="1" branch="False" />
                <line number="21" hits="1" branch="False" />
                <line number="22" hits="1" branch="False" />
                <line number="23" hits="1" branch="False" />
                <line number="24" hits="1" branch="False" />
                <line number="27" hits="1" branch="True" condition-coverage="50% (1/2)">
                  <conditions>
                    <condition number="79" type="jump" coverage="50%" />
                  </conditions>
                </line>
                <line number="28" hits="0" branch="False" />
                <line number="30" hits="1" branch="False" />
                <line number="32" hits="6" branch="True" condition-coverage="100% (2/2)">
                  <conditions>
                    <condition number="183" type="jump" coverage="100%" />
                  </conditions>
                </line>
                <line number="34" hits="5" branch="False" />
                <line number="36" hits="5" branch="False" />
                <line number="37" hits="5" branch="False" />
                <line number="39" hits="5" branch="True" condition-coverage="100% (6/6)">
                  <conditions>
                    <condition number="136" type="jump" coverage="100%" />
                    <condition number="140" type="jump" coverage="100%" />
                    <condition number="166" type="jump" coverage="100%" />
                  </conditions>
                </line>
                <line number="40" hits="5" branch="False" />
                <line number="42" hits="2" branch="False" />
                <line number="45" hits="1" branch="False" />
                <line number="46" hits="1" branch="False" />
              </lines>
            </method>
            <method name="ReadAll" signature="(System.IO.FileInfo,System.Threading.CancellationToken)" line-rate="0" branch-rate="0" complexity="16">
              <lines>
                <line number="53" hits="0" branch="False" />
                <line number="54" hits="0" branch="True" condition-coverage="0% (0/2)">
                  <conditions>
                    <condition number="12" type="jump" coverage="0%" />
                  </conditions>
                </line>
                <line number="56" hits="0" branch="False" />
                <line number="57" hits="0" branch="False" />
                <line number="58" hits="0" branch="False" />
                <line number="59" hits="0" branch="False" />
                <line number="60" hits="0" branch="False" />
                <line number="61" hits="0" branch="False" />
                <line number="62" hits="0" branch="False" />
                <line number="63" hits="0" branch="False" />
                <line number="64" hits="0" branch="False" />
                <line number="67" hits="0" branch="True" condition-coverage="0% (0/2)">
                  <conditions>
                    <condition number="88" type="jump" coverage="0%" />
                  </conditions>
                </line>
                <line number="68" hits="0" branch="False" />
                <line number="71" hits="0" branch="False" />
                <line number="73" hits="0" branch="True" condition-coverage="0% (0/2)">
                  <conditions>
                    <condition number="274" type="jump" coverage="0%" />
                  </conditions>
                </line>
                <line number="75" hits="0" branch="False" />
                <line number="77" hits="0" branch="True" condition-coverage="0% (0/2)">
                  <conditions>
                    <condition number="136" type="jump" coverage="0%" />
                  </conditions>
                </line>
                <line number="78" hits="0" branch="True" condition-coverage="0% (0/2)">
                  <conditions>
                    <condition number="159" type="jump" coverage="0%" />
                  </conditions>
                </line>
                <line number="79" hits="0" branch="False" />
                <line number="80" hits="0" branch="False" />
                <line number="81" hits="0" branch="False" />
                <line number="84" hits="0" branch="True" condition-coverage="0% (0/6)">
                  <conditions>
                    <condition number="223" type="jump" coverage="0%" />
                    <condition number="237" type="jump" coverage="0%" />
                    <condition number="251" type="jump" coverage="0%" />
                  </conditions>
                </line>
                <line number="85" hits="0" branch="False" />
                <line number="86" hits="0" branch="False" />
                <line number="87" hits="0" branch="False" />
                <line number="90" hits="0" branch="False" />
                <line number="91" hits="0" branch="False" />
              </lines>
            </method>
            <method name="SafeGet" signature="(CsvHelper.CsvReader,System.String,System.Int32)" line-rate="0.3" branch-rate="0.25" complexity="4">
              <lines>
                <line number="97" hits="10" branch="True" condition-coverage="50% (1/2)">
                  <conditions>
                    <condition number="9" type="jump" coverage="50%" />
                  </conditions>
                </line>
                <line number="98" hits="10" branch="False" />
                <line number="99" hits="0" branch="False" />
                <line number="100" hits="0" branch="False" />
                <line number="104" hits="0" branch="True" condition-coverage="0% (0/2)">
                  <conditions>
                    <condition number="30" type="jump" coverage="0%" />
                  </conditions>
                </line>
                <line number="105" hits="0" branch="False" />
                <line number="106" hits="0" branch="False" />
                <line number="107" hits="0" branch="False" />
                <line number="109" hits="0" branch="False" />
                <line number="110" hits="10" branch="False" />
              </lines>
            </method>
          </methods>
          <lines>
            <line number="15" hits="1" branch="False" />
            <line number="16" hits="1" branch="True" condition-coverage="50% (1/2)">
              <conditions>
                <condition number="17" type="jump" coverage="50%" />
              </conditions>
            </line>
            <line number="18" hits="1" branch="False" />
            <line number="19" hits="1" branch="False" />
            <line number="20" hits="1" branch="False" />
            <line number="21" hits="1" branch="False" />
            <line number="22" hits="1" branch="False" />
            <line number="23" hits="1" branch="False" />
            <line number="24" hits="1" branch="False" />
            <line number="27" hits="1" branch="True" condition-coverage="50% (1/2)">
              <conditions>
                <condition number="79" type="jump" coverage="50%" />
              </conditions>
            </line>
            <line number="28" hits="0" branch="False" />
            <line number="30" hits="1" branch="False" />
            <line number="32" hits="6" branch="True" condition-coverage="100% (2/2)">
              <conditions>
                <condition number="183" type="jump" coverage="100%" />
              </conditions>
            </line>
            <line number="34" hits="5" branch="False" />
            <line number="36" hits="5" branch="False" />
            <line number="37" hits="5" branch="False" />
            <line number="39" hits="5" branch="True" condition-coverage="100% (6/6)">
              <conditions>
                <condition number="136" type="jump" coverage="100%" />
                <condition number="140" type="jump" coverage="100%" />
                <condition number="166" type="jump" coverage="100%" />
              </conditions>
            </line>
            <line number="40" hits="5" branch="False" />
            <line number="42" hits="2" branch="False" />
            <line number="45" hits="1" branch="False" />
            <line number="46" hits="1" branch="False" />
            <line number="53" hits="0" branch="False" />
            <line number="54" hits="0" branch="True" condition-coverage="0% (0/2)">
              <conditions>
                <condition number="12" type="jump" coverage="0%" />
              </conditions>
            </line>
            <line number="56" hits="0" branch="False" />
            <line number="57" hits="0" branch="False" />
            <line number="58" hits="0" branch="False" />
            <line number="59" hits="0" branch="False" />
            <line number="60" hits="0" branch="False" />
            <line number="61" hits="0" branch="False" />
            <line number="62" hits="0" branch="False" />
            <line number="63" hits="0" branch="False" />
            <line number="64" hits="0" branch="False" />
            <line number="67" hits="0" branch="True" condition-coverage="0% (0/2)">
              <conditions>
                <condition number="88" type="jump" coverage="0%" />
              </conditions>
            </line>
            <line number="68" hits="0" branch="False" />
            <line number="71" hits="0" branch="False" />
            <line number="73" hits="0" branch="True" condition-coverage="0% (0/2)">
              <conditions>
                <condition number="274" type="jump" coverage="0%" />
              </conditions>
            </line>
            <line number="75" hits="0" branch="False" />
            <line number="77" hits="0" branch="True" condition-coverage="0% (0/2)">
              <conditions>
                <condition number="136" type="jump" coverage="0%" />
              </conditions>
            </line>
            <line number="78" hits="0" branch="True" condition-coverage="0% (0/2)">
              <conditions>
                <condition number="159" type="jump" coverage="0%" />
              </conditions>
            </line>
            <line number="79" hits="0" branch="False" />
            <line number="80" hits="0" branch="False" />
            <line number="81" hits="0" branch="False" />
            <line number="84" hits="0" branch="True" condition-coverage="0% (0/6)">
              <conditions>
                <condition number="223" type="jump" coverage="0%" />
                <condition number="237" type="jump" coverage="0%" />
                <condition number="251" type="jump" coverage="0%" />
              </conditions>
            </line>
            <line number="85" hits="0" branch="False" />
            <line number="86" hits="0" branch="False" />
            <line number="87" hits="0" branch="False" />
            <line number="90" hits="0" branch="False" />
            <line number="91" hits="0" branch="False" />
            <line number="97" hits="10" branch="True" condition-coverage="50% (1/2)">
              <conditions>
                <condition number="9" type="jump" coverage="50%" />
              </conditions>
            </line>
            <line number="98" hits="10" branch="False" />
            <line number="99" hits="0" branch="False" />
            <line number="100" hits="0" branch="False" />
            <line number="104" hits="0" branch="True" condition-coverage="0% (0/2)">
              <conditions>
                <condition number="30" type="jump" coverage="0%" />
              </conditions>
            </line>
            <line number="105" hits="0" branch="False" />
            <line number="106" hits="0" branch="False" />
            <line number="107" hits="0" branch="False" />
            <line number="109" hits="0" branch="False" />
            <line number="110" hits="10" branch="False" />
          </lines>
        </class>
        <class name="PdfDownloader.App.Reporting.StatusReportReader/StatusRow" filename="src\PdfDownloader.App\Reporting\StatusReportReader.cs" line-rate="0" branch-rate="1" complexity="1">
          <methods>
            <method name="get_Id" signature="()" line-rate="0" branch-rate="1" complexity="1">
              <lines>
                <line number="11" hits="0" branch="False" />
              </lines>
            </method>
          </methods>
          <lines>
            <line number="11" hits="0" branch="False" />
          </lines>
        </class>
        <class name="PdfDownloader.App.Reporting.StatusReportWriter/&lt;WriteAsync&gt;d__0" filename="src\PdfDownloader.App\Reporting\StatusReportWrite.cs" line-rate="0.9629000000000001" branch-rate="0.75" complexity="24">
          <methods>
            <method name="MoveNext" signature="()" line-rate="0.9629000000000001" branch-rate="0.75" complexity="24">
              <lines>
                <line number="13" hits="2" branch="True" condition-coverage="50% (2/4)">
                  <conditions>
                    <condition number="25" type="jump" coverage="50%" />
                    <condition number="37" type="jump" coverage="50%" />
                  </conditions>
                </line>
                <line number="15" hits="2" branch="True" condition-coverage="50% (2/4)">
                  <conditions>
                    <condition number="57" type="jump" coverage="50%" />
                    <condition number="70" type="jump" coverage="50%" />
                  </conditions>
                </line>
                <line number="16" hits="0" branch="False" />
                <line number="18" hits="2" branch="True" condition-coverage="50% (1/2)">
                  <conditions>
                    <condition number="89" type="jump" coverage="50%" />
                  </conditions>
                </line>
                <line number="20" hits="2" branch="True" condition-coverage="50% (1/2)">
                  <conditions>
                    <condition number="127" type="jump" coverage="50%" />
                  </conditions>
                </line>
                <line number="21" hits="2" branch="False" />
                <line number="22" hits="2" branch="False" />
                <line number="23" hits="2" branch="False" />
                <line number="24" hits="2" branch="False" />
                <line number="25" hits="2" branch="False" />
                <line number="27" hits="2" branch="False" />
                <line number="29" hits="2" branch="False" />
                <line number="30" hits="2" branch="False" />
                <line number="31" hits="2" branch="False" />
                <line number="32" hits="2" branch="False" />
                <line number="33" hits="2" branch="False" />
                <line number="34" hits="2" branch="False" />
                <line number="37" hits="24" branch="True" condition-coverage="100% (2/2)">
                  <conditions>
                    <condition number="516" type="jump" coverage="100%" />
                  </conditions>
                </line>
                <line number="39" hits="10" branch="False" />
                <line number="40" hits="10" branch="False" />
                <line number="41" hits="10" branch="False" />
                <line number="42" hits="10" branch="True" condition-coverage="100% (2/2)">
                  <conditions>
                    <condition number="410" type="jump" coverage="100%" />
                  </conditions>
                </line>
                <line number="43" hits="10" branch="True" condition-coverage="100% (4/4)">
                  <conditions>
                    <condition number="436" type="jump" coverage="100%" />
                    <condition number="448" type="jump" coverage="100%" />
                  </conditions>
                </line>
                <line number="44" hits="10" branch="True" condition-coverage="100% (4/4)">
                  <conditions>
                    <condition number="474" type="jump" coverage="100%" />
                    <condition number="486" type="jump" coverage="100%" />
                  </conditions>
                </line>
                <line number="45" hits="10" branch="False" />
                <line number="48" hits="2" branch="False" />
                <line number="49" hits="2" branch="False" />
              </lines>
            </method>
          </methods>
          <lines>
            <line number="13" hits="2" branch="True" condition-coverage="50% (2/4)">
              <conditions>
                <condition number="25" type="jump" coverage="50%" />
                <condition number="37" type="jump" coverage="50%" />
              </conditions>
            </line>
            <line number="15" hits="2" branch="True" condition-coverage="50% (2/4)">
              <conditions>
                <condition number="57" type="jump" coverage="50%" />
                <condition number="70" type="jump" coverage="50%" />
              </conditions>
            </line>
            <line number="16" hits="0" branch="False" />
            <line number="18" hits="2" branch="True" condition-coverage="50% (1/2)">
              <conditions>
                <condition number="89" type="jump" coverage="50%" />
              </conditions>
            </line>
            <line number="20" hits="2" branch="True" condition-coverage="50% (1/2)">
              <conditions>
                <condition number="127" type="jump" coverage="50%" />
              </conditions>
            </line>
            <line number="21" hits="2" branch="False" />
            <line number="22" hits="2" branch="False" />
            <line number="23" hits="2" branch="False" />
            <line number="24" hits="2" branch="False" />
            <line number="25" hits="2" branch="False" />
            <line number="27" hits="2" branch="False" />
            <line number="29" hits="2" branch="False" />
            <line number="30" hits="2" branch="False" />
            <line number="31" hits="2" branch="False" />
            <line number="32" hits="2" branch="False" />
            <line number="33" hits="2" branch="False" />
            <line number="34" hits="2" branch="False" />
            <line number="37" hits="24" branch="True" condition-coverage="100% (2/2)">
              <conditions>
                <condition number="516" type="jump" coverage="100%" />
              </conditions>
            </line>
            <line number="39" hits="10" branch="False" />
            <line number="40" hits="10" branch="False" />
            <line number="41" hits="10" branch="False" />
            <line number="42" hits="10" branch="True" condition-coverage="100% (2/2)">
              <conditions>
                <condition number="410" type="jump" coverage="100%" />
              </conditions>
            </line>
            <line number="43" hits="10" branch="True" condition-coverage="100% (4/4)">
              <conditions>
                <condition number="436" type="jump" coverage="100%" />
                <condition number="448" type="jump" coverage="100%" />
              </conditions>
            </line>
            <line number="44" hits="10" branch="True" condition-coverage="100% (4/4)">
              <conditions>
                <condition number="474" type="jump" coverage="100%" />
                <condition number="486" type="jump" coverage="100%" />
              </conditions>
            </line>
            <line number="45" hits="10" branch="False" />
            <line number="48" hits="2" branch="False" />
            <line number="49" hits="2" branch="False" />
          </lines>
        </class>
        <class name="PdfDownloader.App.Middleware.MetadataLoader" filename="src\PdfDownloader.App\Middleware\MetadataLoader.cs" line-rate="0.8506999999999999" branch-rate="0.6785" complexity="56">
          <methods>
            <method name="LoadAsync" signature="(System.IO.FileInfo,System.String,System.String,System.String,System.Threading.CancellationToken)" line-rate="0.8571" branch-rate="0.8332999999999999" complexity="6">
              <lines>
                <line number="17" hits="4" branch="False" />
                <line number="19" hits="4" branch="True" condition-coverage="83.33% (5/6)">
                  <conditions>
                    <condition number="30" type="jump" coverage="100%" />
                    <condition number="43" type="jump" coverage="100%" />
                    <condition number="56" type="jump" coverage="50%" />
                  </conditions>
                </line>
                <line number="20" hits="4" branch="False" />
                <line number="21" hits="3" branch="False" />
                <line number="22" hits="1" branch="False" />
                <line number="23" hits="0" branch="False" />
                <line number="24" hits="4" branch="False" />
              </lines>
            </method>
            <method name="LoadFromExcel" signature="(System.IO.FileInfo,System.String,System.String,System.String,System.Threading.CancellationToken)" line-rate="0.8214" branch-rate="0.65" complexity="20">
              <lines>
                <line number="34" hits="3" branch="False" />
                <line number="35" hits="3" branch="False" />
                <line number="37" hits="3" branch="False" />
                <line number="38" hits="3" branch="True" condition-coverage="50% (1/2)">
                  <conditions>
                    <condition number="32" type="jump" coverage="50%" />
                  </conditions>
                </line>
                <line number="40" hits="0" branch="False" />
                <line number="43" hits="3" branch="False" />
                <line number="44" hits="91" branch="False" />
                <line number="45" hits="91" branch="False" />
                <line number="46" hits="3" branch="False" />
                <line number="48" hits="3" branch="True" condition-coverage="50% (1/2)">
                  <conditions>
                    <condition number="134" type="jump" coverage="50%" />
                  </conditions>
                </line>
                <line number="50" hits="0" branch="False" />
                <line number="53" hits="3" branch="True" condition-coverage="50% (1/2)">
                  <conditions>
                    <condition number="167" type="jump" coverage="50%" />
                  </conditions>
                </line>
                <line number="55" hits="0" branch="False" />
                <line number="58" hits="3" branch="False" />
                <line number="59" hits="3" branch="True" condition-coverage="50% (2/4)">
                  <conditions>
                    <condition number="200" type="jump" coverage="50%" />
                    <condition number="211" type="jump" coverage="50%" />
                  </conditions>
                </line>
                <line number="61" hits="0" branch="False" />
                <line number="64" hits="3" branch="False" />
                <line number="66" hits="95968" branch="True" condition-coverage="100% (2/2)">
                  <conditions>
                    <condition number="396" type="jump" coverage="100%" />
                  </conditions>
                </line>
                <line number="68" hits="47981" branch="False" />
                <line number="70" hits="47981" branch="False" />
                <line number="71" hits="47981" branch="True" condition-coverage="100% (2/2)">
                  <conditions>
                    <condition number="295" type="jump" coverage="100%" />
                  </conditions>
                </line>
                <line number="76" hits="47981" branch="False" />
                <line number="77" hits="47981" branch="False" />
                <line number="78" hits="47981" branch="True" condition-coverage="50% (1/2)">
                  <conditions>
                    <condition number="324" type="jump" coverage="50%" />
                  </conditions>
                </line>
                <line number="80" hits="0" branch="False" />
                <line number="83" hits="47981" branch="True" condition-coverage="75% (3/4)">
                  <conditions>
                    <condition number="358" type="jump" coverage="100%" />
                    <condition number="372" type="jump" coverage="50%" />
                  </conditions>
                </line>
                <line number="86" hits="3" branch="False" />
                <line number="87" hits="3" branch="False" />
              </lines>
            </method>
            <method name="LoadFromCsv" signature="(System.IO.FileInfo,System.String,System.String,System.String,System.Threading.CancellationToken)" line-rate="0.875" branch-rate="0.6666" complexity="30">
              <lines>
                <line number="96" hits="1" branch="False" />
                <line number="97" hits="1" branch="False" />
                <line number="98" hits="1" branch="False" />
                <line number="99" hits="1" branch="False" />
                <line number="100" hits="1" branch="False" />
                <line number="101" hits="1" branch="False" />
                <line number="102" hits="1" branch="False" />
                <line number="103" hits="1" branch="False" />
                <line number="104" hits="1" branch="False" />
                <line number="106" hits="1" branch="False" />
                <line number="107" hits="1" branch="True" condition-coverage="50% (1/2)">
                  <conditions>
                    <condition number="91" type="jump" coverage="50%" />
                  </conditions>
                </line>
                <line number="109" hits="0" branch="False" />
                <line number="112" hits="1" branch="False" />
                <line number="113" hits="1" branch="False" />
                <line number="115" hits="1" branch="True" condition-coverage="50% (2/4)">
                  <conditions>
                    <condition number="124" type="jump" coverage="50%" />
                    <condition number="129" type="jump" coverage="50%" />
                  </conditions>
                </line>
                <line number="117" hits="0" branch="False" />
                <line number="120" hits="2" branch="True" condition-coverage="50% (1/2)">
                  <conditions>
                    <condition number="161" type="jump" coverage="50%" />
                  </conditions>
                </line>
                <line number="122" hits="0" branch="False" />
                <line number="125" hits="3" branch="True" condition-coverage="50% (1/2)">
                  <conditions>
                    <condition number="209" type="jump" coverage="50%" />
                  </conditions>
                </line>
                <line number="127" hits="0" branch="False" />
                <line number="130" hits="1" branch="False" />
                <line number="132" hits="3" branch="True" condition-coverage="100% (2/2)">
                  <conditions>
                    <condition number="417" type="jump" coverage="100%" />
[...]
                <line number="202" hits="1" branch="False" />
                <line number="204" hits="2" branch="False" />
                <line number="206" hits="2" branch="False" />
                <line number="207" hits="2" branch="False" />
                <line number="208" hits="2" branch="False" />
                <line number="213" hits="10" branch="True" condition-coverage="75% (3/4)">
                  <conditions>
                    <condition number="2040" type="jump" coverage="100%" />
                    <condition number="2044" type="jump" coverage="50%" />
                  </conditions>
                </line>
                <line number="214" hits="10" branch="True" condition-coverage="100% (2/2)">
                  <conditions>
                    <condition number="2077" type="jump" coverage="100%" />
                  </conditions>
                </line>
                <line number="216" hits="10" branch="False" />
                <line number="217" hits="10" branch="False" />
                <line number="218" hits="10" branch="False" />
                <line number="219" hits="10" branch="False" />
                <line number="222" hits="31" branch="False" />
                <line number="223" hits="31" branch="False" />
                <line number="224" hits="31" branch="False" />
                <line number="225" hits="31" branch="False" />
                <line number="226" hits="31" branch="False" />
                <line number="228" hits="43" branch="False" />
              </lines>
            </method>
          </methods>
          <lines>
            <line number="106" hits="31" branch="True" condition-coverage="100% (2/2)">
              <conditions>
                <condition number="21" type="jump" coverage="100%" />
              </conditions>
            </line>
            <line number="107" hits="31" branch="False" />
            <line number="108" hits="31" branch="True" condition-coverage="100% (2/2)">
              <conditions>
                <condition number="162" type="jump" coverage="100%" />
              </conditions>
            </line>
            <line number="112" hits="31" branch="False" />
            <line number="114" hits="31" branch="False" />
            <line number="117" hits="31" branch="True" condition-coverage="83.33% (5/6)">
              <conditions>
                <condition number="269" type="jump" coverage="100%" />
                <condition number="282" type="jump" coverage="100%" />
                <condition number="295" type="jump" coverage="50%" />
              </conditions>
            </line>
            <line number="119" hits="0" branch="False" />
            <line number="120" hits="0" branch="False" />
            <line number="121" hits="0" branch="False" />
            <line number="122" hits="0" branch="False" />
            <line number="126" hits="103" branch="True" condition-coverage="100% (4/4)">
              <conditions>
                <condition number="1986" type="jump" coverage="100%" />
                <condition number="392" type="jump" coverage="100%" />
              </conditions>
            </line>
            <line number="128" hits="31" branch="True" condition-coverage="100% (4/4)">
              <conditions>
                <condition number="427" type="jump" coverage="100%" />
                <condition number="444" type="jump" coverage="100%" />
              </conditions>
            </line>
            <line number="132" hits="31" branch="False" />
            <line number="133" hits="31" branch="False" />
            <line number="135" hits="28" branch="True" condition-coverage="100% (2/2)">
              <conditions>
                <condition number="645" type="jump" coverage="100%" />
              </conditions>
            </line>
            <line number="137" hits="1" branch="False" />
            <line number="138" hits="1" branch="False" />
            <line number="139" hits="1" branch="False" />
            <line number="142" hits="27" branch="True" condition-coverage="50% (2/4)">
              <conditions>
                <condition number="760" type="jump" coverage="50%" />
                <condition number="772" type="jump" coverage="50%" />
              </conditions>
            </line>
            <line number="143" hits="27" branch="True" condition-coverage="100% (2/2)">
              <conditions>
                <condition number="795" type="jump" coverage="100%" />
              </conditions>
            </line>
            <line number="144" hits="27" branch="False" />
            <line number="145" hits="27" branch="True" condition-coverage="100% (2/2)">
              <conditions>
                <condition number="817" type="jump" coverage="100%" />
              </conditions>
            </line>
            <line number="147" hits="6" branch="False" />
            <line number="148" hits="6" branch="False" />
            <line number="149" hits="6" branch="False" />
            <line number="153" hits="21" branch="False" />
            <line number="154" hits="21" branch="False" />
            <line number="155" hits="21" branch="False" />
            <line number="157" hits="21" branch="True" condition-coverage="75% (3/4)">
              <conditions>
                <condition number="1105" type="jump" coverage="100%" />
                <condition number="1220" type="jump" coverage="50%" />
              </conditions>
            </line>
            <line number="160" hits="21" branch="True" condition-coverage="100% (6/6)">
              <conditions>
                <condition number="1275" type="jump" coverage="100%" />
                <condition number="1291" type="jump" coverage="100%" />
                <condition number="1304" type="jump" coverage="100%" />
              </conditions>
            </line>
            <line number="162" hits="4" branch="False" />
            <line number="163" hits="4" branch="True" condition-coverage="100% (2/2)">
              <conditions>
                <condition number="1323" type="jump" coverage="100%" />
              </conditions>
            </line>
            <line number="165" hits="3" branch="False" />
            <line number="166" hits="3" branch="False" />
            <line number="167" hits="3" branch="False" />
            <line number="170" hits="4" branch="True" condition-coverage="100% (4/4)">
              <conditions>
                <condition number="1372" type="jump" coverage="100%" />
                <condition number="1385" type="jump" coverage="100%" />
              </conditions>
            </line>
            <line number="172" hits="1" branch="False" />
            <line number="173" hits="1" branch="False" />
            <line number="174" hits="1" branch="False" />
            <line number="175" hits="1" branch="False" />
            <line number="176" hits="1" branch="False" />
            <line number="179" hits="3" branch="True" condition-coverage="100% (4/4)">
              <conditions>
                <condition number="1478" type="jump" coverage="100%" />
                <condition number="1494" type="jump" coverage="100%" />
              </conditions>
            </line>
            <line number="181" hits="2" branch="False" />
            <line number="182" hits="2" branch="True" condition-coverage="50% (1/2)">
              <conditions>
                <condition number="1555" type="jump" coverage="50%" />
              </conditions>
            </line>
            <line number="184" hits="0" branch="False" />
            <line number="186" hits="2" branch="False" />
            <line number="190" hits="20" branch="False" />
            <line number="191" hits="20" branch="False" />
            <line number="193" hits="20" branch="False" />
            <line number="194" hits="20" branch="False" />
            <line number="195" hits="20" branch="False" />
            <line number="196" hits="20" branch="False" />
            <line number="198" hits="1" branch="False" />
            <line number="200" hits="1" branch="False" />
            <line number="201" hits="1" branch="False" />
            <line number="202" hits="1" branch="False" />
            <line number="204" hits="2" branch="False" />
            <line number="206" hits="2" branch="False" />
            <line number="207" hits="2" branch="False" />
            <line number="208" hits="2" branch="False" />
            <line number="213" hits="10" branch="True" condition-coverage="75% (3/4)">
              <conditions>
                <condition number="2040" type="jump" coverage="100%" />
                <condition number="2044" type="jump" coverage="50%" />
              </conditions>
            </line>
            <line number="214" hits="10" branch="True" condition-coverage="100% (2/2)">
              <conditions>
                <condition number="2077" type="jump" coverage="100%" />
              </conditions>
            </line>
            <line number="216" hits="10" branch="False" />
            <line number="217" hits="10" branch="False" />
            <line number="218" hits="10" branch="False" />
            <line number="219" hits="10" branch="False" />
            <line number="222" hits="31" branch="False" />
            <line number="223" hits="31" branch="False" />
            <line number="224" hits="31" branch="False" />
            <line number="225" hits="31" branch="False" />
            <line number="226" hits="31" branch="False" />
            <line number="228" hits="43" branch="False" />
          </lines>
        </class>
        <class name="PdfDownloader.App.Downloads.DownloadManager/&lt;DownloadAsync&gt;d__16" filename="src\PdfDownloader.App\Downloads\DownloadManager.cs" line-rate="1" branch-rate="1" complexity="1">
          <methods>
            <method name="MoveNext" signature="()" line-rate="1" branch-rate="1" complexity="1">
              <lines>
                <line number="99" hits="12" branch="False" />
                <line number="101" hits="12" branch="False" />
                <line number="102" hits="12" branch="False" />
                <line number="104" hits="12" branch="False" />
                <line number="105" hits="12" branch="False" />
                <line number="109" hits="12" branch="False" />
                <line number="110" hits="12" branch="False" />
                <line number="111" hits="12" branch="False" />
                <line number="113" hits="12" branch="False" />
                <line number="115" hits="12" branch="False" />
                <line number="116" hits="12" branch="False" />
                <line number="118" hits="12" branch="False" />
                <line number="123" hits="12" branch="False" />
                <line number="124" hits="12" branch="False" />
                <line number="125" hits="12" branch="False" />
                <line number="127" hits="12" branch="False" />
                <line number="129" hits="12" branch="False" />
                <line number="130" hits="12" branch="False" />
                <line number="131" hits="12" branch="False" />
                <line number="134" hits="12" branch="False" />
                <line number="136" hits="12" branch="False" />
                <line number="140" hits="12" branch="False" />
                <line number="141" hits="12" branch="False" />
                <line number="146" hits="12" branch="False" />
                <line number="150" hits="12" branch="False" />
                <line number="151" hits="12" branch="False" />
                <line number="152" hits="12" branch="False" />
                <line number="156" hits="12" branch="False" />
                <line number="158" hits="12" branch="False" />
                <line number="159" hits="12" branch="False" />
                <line number="161" hits="12" branch="False" />
                <line number="164" hits="12" branch="False" />
                <line number="168" hits="12" branch="False" />
                <line number="169" hits="12" branch="False" />
                <line number="171" hits="12" branch="False" />
                <line number="177" hits="12" branch="False" />
                <line number="178" hits="12" branch="False" />
                <line number="180" hits="12" branch="False" />
                <line number="183" hits="12" branch="False" />
                <line number="185" hits="12" branch="False" />
                <line number="187" hits="12" branch="False" />
                <line number="188" hits="12" branch="False" />
                <line number="189" hits="12" branch="False" />
                <line number="192" hits="12" branch="False" />
                <line number="197" hits="12" branch="False" />
                <line number="199" hits="12" branch="False" />
                <line number="203" hits="12" branch="False" />
                <line number="205" hits="12" branch="False" />
                <line number="209" hits="12" branch="False" />
                <line number="210" hits="12" branch="False" />
                <line number="211" hits="12" branch="False" />
                <line number="212" hits="12" branch="False" />
                <line number="215" hits="12" branch="False" />
                <line number="220" hits="12" branch="False" />
                <line number="221" hits="12" branch="False" />
                <line number="227" hits="12" branch="False" />
                <line number="230" hits="12" branch="False" />
                <line number="231" hits="12" branch="False" />
                <line number="232" hits="12" branch="False" />
              </lines>
            </method>
          </methods>
          <lines>
            <line number="99" hits="12" branch="False" />
            <line number="101" hits="12" branch="False" />
            <line number="102" hits="12" branch="False" />
            <line number="104" hits="12" branch="False" />
            <line number="105" hits="12" branch="False" />
            <line number="109" hits="12" branch="False" />
            <line number="110" hits="12" branch="False" />
            <line number="111" hits="12" branch="False" />
            <line number="113" hits="12" branch="False" />
            <line number="115" hits="12" branch="False" />
            <line number="116" hits="12" branch="False" />
            <line number="118" hits="12" branch="False" />
            <line number="123" hits="12" branch="False" />
            <line number="124" hits="12" branch="False" />
            <line number="125" hits="12" branch="False" />
            <line number="127" hits="12" branch="False" />
            <line number="129" hits="12" branch="False" />
            <line number="130" hits="12" branch="False" />
            <line number="131" hits="12" branch="False" />
            <line number="134" hits="12" branch="False" />
            <line number="136" hits="12" branch="False" />
            <line number="140" hits="12" branch="False" />
            <line number="141" hits="12" branch="False" />
            <line number="146" hits="12" branch="False" />
            <line number="150" hits="12" branch="False" />
            <line number="151" hits="12" branch="False" />
            <line number="152" hits="12" branch="False" />
            <line number="156" hits="12" branch="False" />
            <line number="158" hits="12" branch="False" />
            <line number="159" hits="12" branch="False" />
            <line number="161" hits="12" branch="False" />
            <line number="164" hits="12" branch="False" />
            <line number="168" hits="12" branch="False" />
            <line number="169" hits="12" branch="False" />
            <line number="171" hits="12" branch="False" />
            <line number="177" hits="12" branch="False" />
            <line number="178" hits="12" branch="False" />
            <line number="180" hits="12" branch="False" />
            <line number="183" hits="12" branch="False" />
            <line number="185" hits="12" branch="False" />
            <line number="187" hits="12" branch="False" />
            <line number="188" hits="12" branch="False" />
            <line number="189" hits="12" branch="False" />
            <line number="192" hits="12" branch="False" />
            <line number="197" hits="12" branch="False" />
            <line number="199" hits="12" branch="False" />
            <line number="203" hits="12" branch="False" />
            <line number="205" hits="12" branch="False" />
            <line number="209" hits="12" branch="False" />
            <line number="210" hits="12" branch="False" />
            <line number="211" hits="12" branch="False" />
            <line number="212" hits="12" branch="False" />
            <line number="215" hits="12" branch="False" />
            <line number="220" hits="12" branch="False" />
            <line number="221" hits="12" branch="False" />
            <line number="227" hits="12" branch="False" />
            <line number="230" hits="12" branch="False" />
            <line number="231" hits="12" branch="False" />
            <line number="232" hits="12" branch="False" />
          </lines>
        </class>
        <class name="PdfDownloader.App.Downloads.DownloadRequest" filename="src\PdfDownloader.App\Downloads\DownloadRequest.cs" line-rate="1" branch-rate="1" complexity="1">
          <methods>
            <method name="get_Id" signature="()" line-rate="1" branch-rate="1" complexity="1">
              <lines>
                <line number="3" hits="330" branch="False" />
              </lines>
            </method>
          </methods>
          <lines>
            <line number="3" hits="330" branch="False" />
          </lines>
        </class>
        <class name="PdfDownloader.App.Downloads.DownloadResult" filename="src\PdfDownloader.App\Downloads\DownloadResult.cs" line-rate="1" branch-rate="1" complexity="6">
          <methods>
            <method name="get_Id" signature="()" line-rate="1" branch-rate="1" complexity="1">
              <lines>
                <line number="4" hits="41" branch="False" />
              </lines>
            </method>
            <method name="get_Outcome" signature="()" line-rate="1" branch-rate="1" complexity="1">
              <lines>
                <line number="5" hits="99" branch="False" />
              </lines>
            </method>
            <method name="get_Message" signature="()" line-rate="1" branch-rate="1" complexity="1">
              <lines>
                <line number="6" hits="61" branch="False" />
              </lines>
            </method>
            <method name="get_SourceUrl" signature="()" line-rate="1" branch-rate="1" complexity="1">
              <lines>
                <line number="7" hits="10" branch="False" />
              </lines>
            </method>
            <method name="get_SavedFile" signature="()" line-rate="1" branch-rate="1" complexity="1">
              <lines>
                <line number="8" hits="41" branch="False" />
              </lines>
            </method>
            <method name=".ctor" signature="(System.String,PdfDownloader.App.Downloads.DownloadOutcome,System.String,System.Uri,System.IO.FileInfo)" line-rate="1" branch-rate="1" complexity="1">
              <lines>
                <line number="3" hits="31" branch="False" />
              </lines>
            </method>
          </methods>
          <lines>
            <line number="4" hits="41" branch="False" />
            <line number="5" hits="99" branch="False" />
            <line number="6" hits="61" branch="False" />
            <line number="7" hits="10" branch="False" />
            <line number="8" hits="41" branch="False" />
            <line number="3" hits="31" branch="False" />
          </lines>
        </class>
      </classes>
    </package>
  </packages>
</coverage>